TN:test
SF:/usr/include/mockcpp/ApiHookHolderFactory.h
FN:14,_ZN7mockcpp20ApiHookHolderFactory6createIFiiEEEPNS_13ApiHookHolderEPT_
FNDA:1,_ZN7mockcpp20ApiHookHolderFactory6createIFiiEEEPNS_13ApiHookHolderEPT_
DA:14,1
DA:16,1
FNF:1
FNH:1
LF:2
LH:2
end_of_record
SF:/usr/include/gtest/internal/gtest-internal.h
FN:433,_ZN7testing8internal9GetTypeIdI5TestFEEPKvv
FNDA:1,_ZN7testing8internal9GetTypeIdI5TestFEEPKvv
FN:452,_ZN7testing8internal15TestFactoryBaseD0Ev
FNDA:0,_ZN7testing8internal15TestFactoryBaseD0Ev
FN:452,_ZN7testing8internal15TestFactoryBaseD2Ev
FNDA:1,_ZN7testing8internal15TestFactoryBaseD2Ev
FN:459,_ZN7testing8internal15TestFactoryBaseC2Ev
FNDA:1,_ZN7testing8internal15TestFactoryBaseC2Ev
FN:468,_ZN7testing8internal15TestFactoryImplI15TestF_fun1_TestED0Ev
FNDA:1,_ZN7testing8internal15TestFactoryImplI15TestF_fun1_TestED0Ev
FN:468,_ZN7testing8internal15TestFactoryImplI15TestF_fun1_TestED2Ev
FNDA:1,_ZN7testing8internal15TestFactoryImplI15TestF_fun1_TestED2Ev
FN:468,_ZN7testing8internal15TestFactoryImplI15TestF_fun1_TestEC2Ev
FNDA:1,_ZN7testing8internal15TestFactoryImplI15TestF_fun1_TestEC2Ev
FN:470,_ZN7testing8internal15TestFactoryImplI15TestF_fun1_TestE10CreateTestEv
FNDA:1,_ZN7testing8internal15TestFactoryImplI15TestF_fun1_TestE10CreateTestEv
FN:490,_ZN7testing8internal12CodeLocationD2Ev
FNDA:3,_ZN7testing8internal12CodeLocationD2Ev
FN:491,_ZN7testing8internal12CodeLocationC2ERKNSt7__cxx1112basic_stringIcSt11char_traitsIcESaIcEEEi
FNDA:1,_ZN7testing8internal12CodeLocationC2ERKNSt7__cxx1112basic_stringIcSt11char_traitsIcESaIcEEEi
FN:504,_ZN7testing8internal19GetNotDefaultOrNullEPFvvES2_
FNDA:4,_ZN7testing8internal19GetNotDefaultOrNullEPFvvES2_
FN:519,_ZN7testing8internal16SuiteApiResolverI5TestFE19GetSetUpCaseOrSuiteEPKci
FNDA:1,_ZN7testing8internal16SuiteApiResolverI5TestFE19GetSetUpCaseOrSuiteEPKci
FN:540,_ZN7testing8internal16SuiteApiResolverI5TestFE22GetTearDownCaseOrSuiteEPKci
FNDA:1,_ZN7testing8internal16SuiteApiResolverI5TestFE22GetTearDownCaseOrSuiteEPKci
DA:433,1
DA:438,1
DA:452,1
DA:459,1
DA:468,3
DA:470,1
DA:490,3
DA:491,1
DA:492,1
DA:504,4
DA:506,4
DA:519,1
DA:522,1
DA:524,1
DA:527,1
DA:530,0
DA:532,1
DA:540,1
DA:543,1
DA:545,1
DA:548,1
DA:551,0
DA:553,1
FNF:13
FNH:12
LF:23
LH:21
end_of_record
SF:/usr/include/mockcpp/types/Holder.h
FN:33,_ZN7mockcpp6HolderINS_4VoidEED0Ev
FNDA:0,_ZN7mockcpp6HolderINS_4VoidEED0Ev
FN:33,_ZN7mockcpp6HolderINS_4VoidEED2Ev
FNDA:24,_ZN7mockcpp6HolderINS_4VoidEED2Ev
FN:33,_ZN7mockcpp6HolderINS_4VoidEEC2Ev
FNDA:24,_ZN7mockcpp6HolderINS_4VoidEEC2Ev
FN:33,_ZN7mockcpp6HolderIiEC2Ev
FNDA:8,_ZN7mockcpp6HolderIiEC2Ev
FN:33,_ZN7mockcpp6HolderIiED0Ev
FNDA:0,_ZN7mockcpp6HolderIiED0Ev
FN:33,_ZN7mockcpp6HolderIiED2Ev
FNDA:8,_ZN7mockcpp6HolderIiED2Ev
FN:37,_ZNK7mockcpp6HolderINS_4VoidEE4typeEv
FNDA:0,_ZNK7mockcpp6HolderINS_4VoidEE4typeEv
FN:37,_ZNK7mockcpp6HolderIiE4typeEv
FNDA:4,_ZNK7mockcpp6HolderIiE4typeEv
FN:42,_ZNK7mockcpp6HolderINS_4VoidEE8toStringB5cxx11Ev
FNDA:0,_ZNK7mockcpp6HolderINS_4VoidEE8toStringB5cxx11Ev
FN:42,_ZNK7mockcpp6HolderIiE8toStringB5cxx11Ev
FNDA:0,_ZNK7mockcpp6HolderIiE8toStringB5cxx11Ev
FN:47,_ZNK7mockcpp6HolderINS_4VoidEE12toTypeStringB5cxx11Ev
FNDA:0,_ZNK7mockcpp6HolderINS_4VoidEE12toTypeStringB5cxx11Ev
FN:47,_ZNK7mockcpp6HolderIiE12toTypeStringB5cxx11Ev
FNDA:0,_ZNK7mockcpp6HolderIiE12toTypeStringB5cxx11Ev
FN:52,_ZNK7mockcpp6HolderINS_4VoidEE20toTypeAndValueStringB5cxx11Ev
FNDA:0,_ZNK7mockcpp6HolderINS_4VoidEE20toTypeAndValueStringB5cxx11Ev
FN:52,_ZNK7mockcpp6HolderIiE20toTypeAndValueStringB5cxx11Ev
FNDA:0,_ZNK7mockcpp6HolderIiE20toTypeAndValueStringB5cxx11Ev
DA:33,64
DA:37,4
DA:39,4
DA:42,0
DA:44,0
DA:47,0
DA:49,0
DA:52,0
DA:54,0
FNF:14
FNH:5
LF:9
LH:3
end_of_record
SF:/usr/include/mockcpp/ParameterizedApiHookHolder.h
FN:17,_ZN7mockcpp26ParameterizedApiHookHolderIFiiEEC2EPS1_
FNDA:1,_ZN7mockcpp26ParameterizedApiHookHolderIFiiEEC2EPS1_
FN:23,_ZNK7mockcpp26ParameterizedApiHookHolderIFiiEE10getApiHookEv
FNDA:1,_ZNK7mockcpp26ParameterizedApiHookHolderIFiiEE10getApiHookEv
FN:26,_ZN7mockcpp26ParameterizedApiHookHolderIFiiEED0Ev
FNDA:1,_ZN7mockcpp26ParameterizedApiHookHolderIFiiEED0Ev
FN:26,_ZN7mockcpp26ParameterizedApiHookHolderIFiiEED2Ev
FNDA:1,_ZN7mockcpp26ParameterizedApiHookHolderIFiiEED2Ev
DA:17,1
DA:18,1
DA:19,3
DA:20,2
DA:21,1
DA:23,1
DA:24,1
DA:26,2
DA:28,1
DA:29,3
FNF:4
FNH:4
LF:10
LH:10
end_of_record
SF:/usr/include/mockcpp/ArgumentsMatchBuilder.h
FN:48,_ZN7mockcpp21ArgumentsMatchBuilderINS_11StubBuilderINS_15MoreStubBuilderINS_12DummyBuilderEEEEEED0Ev
FNDA:0,_ZN7mockcpp21ArgumentsMatchBuilderINS_11StubBuilderINS_15MoreStubBuilderINS_12DummyBuilderEEEEEED0Ev
FN:48,_ZN7mockcpp21ArgumentsMatchBuilderINS_11StubBuilderINS_15MoreStubBuilderINS_12DummyBuilderEEEEEED2Ev
FNDA:1,_ZN7mockcpp21ArgumentsMatchBuilderINS_11StubBuilderINS_15MoreStubBuilderINS_12DummyBuilderEEEEEED2Ev
DA:48,1
FNF:2
FNH:1
LF:1
LH:1
end_of_record
SF:/usr/include/mockcpp/MoreStubBuilder.h
FN:35,_ZN7mockcpp15MoreStubBuilderINS_12DummyBuilderEED0Ev
FNDA:0,_ZN7mockcpp15MoreStubBuilderINS_12DummyBuilderEED0Ev
FN:35,_ZN7mockcpp15MoreStubBuilderINS_12DummyBuilderEED2Ev
FNDA:1,_ZN7mockcpp15MoreStubBuilderINS_12DummyBuilderEED2Ev
DA:35,1
FNF:2
FNH:1
LF:1
LH:1
end_of_record
SF:/usr/include/mockcpp/InvocationMockBuilder.tcc
FN:33,_ZNK7mockcpp21InvocationMockBuilderINS_21ArgumentsMatchBuilderINS_11StubBuilderINS_15MoreStubBuilderINS_12DummyBuilderEEEEEEEE9getMockerEv
FNDA:2,_ZNK7mockcpp21InvocationMockBuilderINS_21ArgumentsMatchBuilderINS_11StubBuilderINS_15MoreStubBuilderINS_12DummyBuilderEEEEEEEE9getMockerEv
DA:33,2
DA:35,2
FNF:1
FNH:1
LF:2
LH:2
end_of_record
SF:/home/cwf/test/gtest/gtest.cpp
FN:17,_ZN5TestFC2Ev
FNDA:1,_ZN5TestFC2Ev
FN:17,_ZN5TestFD0Ev
FNDA:0,_ZN5TestFD0Ev
FN:17,_ZN5TestFD2Ev
FNDA:1,_ZN5TestFD2Ev
FN:19,_ZN5TestF5SetUpEv
FNDA:1,_ZN5TestF5SetUpEv
FN:23,_ZN5TestF8TearDownEv
FNDA:1,_ZN5TestF8TearDownEv
FN:29,_ZN15TestF_fun1_TestC2Ev
FNDA:1,_ZN15TestF_fun1_TestC2Ev
FN:29,_ZN15TestF_fun1_TestD0Ev
FNDA:1,_ZN15TestF_fun1_TestD0Ev
FN:29,_ZN15TestF_fun1_TestD2Ev
FNDA:1,_ZN15TestF_fun1_TestD2Ev
FN:29,_ZN15TestF_fun1_Test8TestBodyEv
FNDA:1,_ZN15TestF_fun1_Test8TestBodyEv
FN:40,_ZN14FooEnvironmentD0Ev
FNDA:1,_ZN14FooEnvironmentD0Ev
FN:40,_ZN14FooEnvironmentD2Ev
FNDA:1,_ZN14FooEnvironmentD2Ev
FN:40,_ZN14FooEnvironmentC2Ev
FNDA:1,_ZN14FooEnvironmentC2Ev
FN:42,_ZN14FooEnvironment5SetUpEv
FNDA:1,_ZN14FooEnvironment5SetUpEv
FN:46,_ZN14FooEnvironment8TearDownEv
FNDA:1,_ZN14FooEnvironment8TearDownEv
FN:52,main
FNDA:1,main
FN:57,_GLOBAL__sub_I__ZN15TestF_fun1_Test10test_info_E
FNDA:1,_GLOBAL__sub_I__ZN15TestF_fun1_Test10test_info_E
FN:57,_Z41__static_initialization_and_destruction_0ii
FNDA:1,_Z41__static_initialization_and_destruction_0ii
DA:17,2
DA:19,1
DA:21,1
DA:22,1
DA:23,1
DA:25,1
DA:26,1
DA:29,5
DA:31,1
DA:32,2
DA:33,2
DA:34,1
DA:35,1
DA:36,1
DA:37,1
DA:38,1
DA:40,3
DA:42,1
DA:44,1
DA:45,1
DA:46,1
DA:48,1
DA:49,1
DA:52,1
DA:54,1
DA:55,1
DA:56,1
DA:57,3
FNF:17
FNH:16
LF:28
LH:28
end_of_record
SF:/usr/include/c++/7/typeinfo
FN:120,_ZNKSt9type_infoeqERKS_
FNDA:9,_ZNKSt9type_infoeqERKS_
DA:120,9
DA:122,9
DA:123,16
DA:124,16
FNF:1
FNH:1
LF:4
LH:4
end_of_record
SF:/usr/include/c++/7/bits/unique_ptr.h
FN:72,_ZNKSt14default_deleteINSt7__cxx1112basic_stringIcSt11char_traitsIcESaIcEEEEclEPS5_
FNDA:0,_ZNKSt14default_deleteINSt7__cxx1112basic_stringIcSt11char_traitsIcESaIcEEEEclEPS5_
FN:72,_ZNKSt14default_deleteINSt7__cxx1118basic_stringstreamIcSt11char_traitsIcESaIcEEEEclEPS5_
FNDA:53,_ZNKSt14default_deleteINSt7__cxx1118basic_stringstreamIcSt11char_traitsIcESaIcEEEEclEPS5_
FN:146,_ZNSt15__uniq_ptr_implINSt7__cxx1112basic_stringIcSt11char_traitsIcESaIcEEESt14default_deleteIS5_EE6_M_ptrEv
FNDA:1,_ZNSt15__uniq_ptr_implINSt7__cxx1112basic_stringIcSt11char_traitsIcESaIcEEESt14default_deleteIS5_EE6_M_ptrEv
FN:146,_ZNSt15__uniq_ptr_implINSt7__cxx1118basic_stringstreamIcSt11char_traitsIcESaIcEEESt14default_deleteIS5_EE6_M_ptrEv
FNDA:106,_ZNSt15__uniq_ptr_implINSt7__cxx1118basic_stringstreamIcSt11char_traitsIcESaIcEEESt14default_deleteIS5_EE6_M_ptrEv
FN:147,_ZNKSt15__uniq_ptr_implINSt7__cxx1112basic_stringIcSt11char_traitsIcESaIcEEESt14default_deleteIS5_EE6_M_ptrEv
FNDA:0,_ZNKSt15__uniq_ptr_implINSt7__cxx1112basic_stringIcSt11char_traitsIcESaIcEEESt14default_deleteIS5_EE6_M_ptrEv
FN:148,_ZNSt15__uniq_ptr_implINSt7__cxx1112basic_stringIcSt11char_traitsIcESaIcEEESt14default_deleteIS5_EE10_M_deleterEv
FNDA:0,_ZNSt15__uniq_ptr_implINSt7__cxx1112basic_stringIcSt11char_traitsIcESaIcEEESt14default_deleteIS5_EE10_M_deleterEv
FN:148,_ZNSt15__uniq_ptr_implINSt7__cxx1118basic_stringstreamIcSt11char_traitsIcESaIcEEESt14default_deleteIS5_EE10_M_deleterEv
FNDA:53,_ZNSt15__uniq_ptr_implINSt7__cxx1118basic_stringstreamIcSt11char_traitsIcESaIcEEESt14default_deleteIS5_EE10_M_deleterEv
FN:259,_ZNSt10unique_ptrINSt7__cxx1112basic_stringIcSt11char_traitsIcESaIcEEESt14default_deleteIS5_EED2Ev
FNDA:1,_ZNSt10unique_ptrINSt7__cxx1112basic_stringIcSt11char_traitsIcESaIcEEESt14default_deleteIS5_EED2Ev
FN:259,_ZNSt10unique_ptrINSt7__cxx1118basic_stringstreamIcSt11char_traitsIcESaIcEEESt14default_deleteIS5_EED2Ev
FNDA:53,_ZNSt10unique_ptrINSt7__cxx1118basic_stringstreamIcSt11char_traitsIcESaIcEEESt14default_deleteIS5_EED2Ev
FN:323,_ZNKSt10unique_ptrINSt7__cxx1112basic_stringIcSt11char_traitsIcESaIcEEESt14default_deleteIS5_EEptEv
FNDA:0,_ZNKSt10unique_ptrINSt7__cxx1112basic_stringIcSt11char_traitsIcESaIcEEESt14default_deleteIS5_EEptEv
FN:331,_ZNKSt10unique_ptrINSt7__cxx1112basic_stringIcSt11char_traitsIcESaIcEEESt14default_deleteIS5_EE3getEv
FNDA:0,_ZNKSt10unique_ptrINSt7__cxx1112basic_stringIcSt11char_traitsIcESaIcEEESt14default_deleteIS5_EE3getEv
FN:336,_ZNSt10unique_ptrINSt7__cxx1112basic_stringIcSt11char_traitsIcESaIcEEESt14default_deleteIS5_EE11get_deleterEv
FNDA:0,_ZNSt10unique_ptrINSt7__cxx1112basic_stringIcSt11char_traitsIcESaIcEEESt14default_deleteIS5_EE11get_deleterEv
FN:336,_ZNSt10unique_ptrINSt7__cxx1118basic_stringstreamIcSt11char_traitsIcESaIcEEESt14default_deleteIS5_EE11get_deleterEv
FNDA:53,_ZNSt10unique_ptrINSt7__cxx1118basic_stringstreamIcSt11char_traitsIcESaIcEEESt14default_deleteIS5_EE11get_deleterEv
DA:72,53
DA:78,53
DA:79,53
DA:146,107
DA:147,0
DA:148,53
DA:259,54
DA:261,54
DA:262,54
DA:263,53
DA:264,54
DA:265,54
DA:323,0
DA:326,0
DA:331,0
DA:332,0
DA:336,53
DA:337,53
FNF:13
FNH:7
LF:18
LH:13
end_of_record
SF:/usr/include/gtest/internal/gtest-port.h
FN:969,_ZN7testing8internal8GTestLog9GetStreamEv
FNDA:0,_ZN7testing8internal8GTestLog9GetStreamEv
DA:969,0
FNF:1
FNH:0
LF:1
LH:0
end_of_record
SF:/usr/include/mockcpp/InvocationMockBuilder.h
FN:31,_ZN7mockcpp21InvocationMockBuilderINS_21ArgumentsMatchBuilderINS_11StubBuilderINS_15MoreStubBuilderINS_12DummyBuilderEEEEEEEED0Ev
FNDA:0,_ZN7mockcpp21InvocationMockBuilderINS_21ArgumentsMatchBuilderINS_11StubBuilderINS_15MoreStubBuilderINS_12DummyBuilderEEEEEEEED0Ev
FN:31,_ZN7mockcpp21InvocationMockBuilderINS_21ArgumentsMatchBuilderINS_11StubBuilderINS_15MoreStubBuilderINS_12DummyBuilderEEEEEEEED2Ev
FNDA:1,_ZN7mockcpp21InvocationMockBuilderINS_21ArgumentsMatchBuilderINS_11StubBuilderINS_15MoreStubBuilderINS_12DummyBuilderEEEEEEEED2Ev
DA:31,1
FNF:2
FNH:1
LF:1
LH:1
end_of_record
SF:/usr/include/mockcpp/ChainableMockMethod.h
FN:38,_ZN7mockcpp23ChainableMockMethodBaseIiEC2EPNS_9InvokableE
FNDA:1,_ZN7mockcpp23ChainableMockMethodBaseIiEC2EPNS_9InvokableE
FN:42,_ZN7mockcpp23ChainableMockMethodBaseIiEclERKNSt7__cxx1112basic_stringIcSt11char_traitsIcESaIcEEERKNS_6RefAnyESC_SC_SC_SC_SC_SC_SC_SC_SC_SC_SC_
FNDA:1,_ZN7mockcpp23ChainableMockMethodBaseIiEclERKNSt7__cxx1112basic_stringIcSt11char_traitsIcESaIcEEERKNS_6RefAnyESC_SC_SC_SC_SC_SC_SC_SC_SC_SC_SC_
FN:75,_ZN7mockcpp23ChainableMockMethodBaseIiED0Ev
FNDA:0,_ZN7mockcpp23ChainableMockMethodBaseIiED0Ev
FN:75,_ZN7mockcpp23ChainableMockMethodBaseIiED2Ev
FNDA:1,_ZN7mockcpp23ChainableMockMethodBaseIiED2Ev
FN:89,_ZN7mockcpp19ChainableMockMethodIiED0Ev
FNDA:0,_ZN7mockcpp19ChainableMockMethodIiED0Ev
FN:89,_ZN7mockcpp19ChainableMockMethodIiED2Ev
FNDA:1,_ZN7mockcpp19ChainableMockMethodIiED2Ev
FN:91,_ZN7mockcpp19ChainableMockMethodIiE9getResultERKNS_3AnyEPNS_12SelfDescribeE
FNDA:1,_ZN7mockcpp19ChainableMockMethodIiE9getResultERKNS_3AnyEPNS_12SelfDescribeE
FN:108,_ZN7mockcpp19ChainableMockMethodIiEC2EPNS_9InvokableE
FNDA:1,_ZN7mockcpp19ChainableMockMethodIiEC2EPNS_9InvokableE
DA:38,1
DA:39,1
DA:40,1
DA:42,1
DA:57,1
DA:60,1
DA:61,1
DA:65,1
DA:67,0
DA:69,0
DA:71,0
DA:72,0
DA:75,1
DA:89,1
DA:91,1
DA:93,1
DA:94,1
DA:97,3
DA:99,1
DA:103,1
DA:108,1
DA:109,1
DA:110,1
FNF:8
FNH:6
LF:23
LH:19
end_of_record
SF:/usr/include/gtest/gtest-printers.h
FN:210,_ZN7testing8internal52internal_stream_operator_without_lexical_name_lookup13StreamPrinter10PrintValueIivRSoEEvRKT_PSo
FNDA:0,_ZN7testing8internal52internal_stream_operator_without_lexical_name_lookup13StreamPrinter10PrintValueIivRSoEEvRKT_PSo
FN:304,_ZN7testing8internal17PrintWithFallbackIiEEvRKT_PSo
FNDA:0,_ZN7testing8internal17PrintWithFallbackIiEEvRKT_PSo
FN:331,_ZN7testing8internal19FormatForComparisonIiiE6FormatB5cxx11ERKi
FNDA:0,_ZN7testing8internal19FormatForComparisonIiiE6FormatB5cxx11ERKi
FN:411,_ZN7testing8internal33FormatForComparisonFailureMessageIiiEENSt7__cxx1112basic_stringIcSt11char_traitsIcESaIcEEERKT_RKT0_
FNDA:0,_ZN7testing8internal33FormatForComparisonFailureMessageIiiEENSt7__cxx1112basic_stringIcSt11char_traitsIcESaIcEEERKT_RKT0_
FN:438,_ZN7testing8internal7PrintToIiEEvRKT_PSo
FNDA:0,_ZN7testing8internal7PrintToIiEEvRKT_PSo
FN:692,_ZN7testing8internal16UniversalPrinterIiE5PrintERKiPSo
FNDA:0,_ZN7testing8internal16UniversalPrinterIiE5PrintERKiPSo
FN:882,_ZN7testing8internal21UniversalTersePrinterIiE5PrintERKiPSo
FNDA:0,_ZN7testing8internal21UniversalTersePrinterIiE5PrintERKiPSo
FN:994,_ZN7testing8internal14UniversalPrintIiEEvRKT_PSo
FNDA:0,_ZN7testing8internal14UniversalPrintIiEEvRKT_PSo
FN:1034,_ZN7testing13PrintToStringIiEENSt7__cxx1112basic_stringIcSt11char_traitsIcESaIcEEERKT_
FNDA:0,_ZN7testing13PrintToStringIiEENSt7__cxx1112basic_stringIcSt11char_traitsIcESaIcEEERKT_
DA:210,0
DA:213,0
DA:214,0
DA:304,0
DA:310,0
DA:311,0
DA:331,0
DA:332,0
DA:411,0
DA:413,0
DA:438,0
DA:439,0
DA:440,0
DA:692,0
DA:701,0
DA:702,0
DA:882,0
DA:883,0
DA:884,0
DA:994,0
DA:998,0
DA:999,0
DA:1034,0
DA:1035,0
DA:1036,0
DA:1037,0
FNF:9
FNH:0
LF:26
LH:0
end_of_record
SF:/usr/include/mockcpp/HookMockObject.h
FN:45,_ZN7mockcpp14HookMockObject6invokeIiEENS_19ChainableMockMethodIT_EEPKv
FNDA:1,_ZN7mockcpp14HookMockObject6invokeIiEENS_19ChainableMockMethodIT_EEPKv
DA:45,1
DA:47,1
FNF:1
FNH:1
LF:2
LH:2
end_of_record
SF:/usr/include/mockcpp/StubBuilder.h
FN:35,_ZN7mockcpp11StubBuilderINS_15MoreStubBuilderINS_12DummyBuilderEEEED0Ev
FNDA:0,_ZN7mockcpp11StubBuilderINS_15MoreStubBuilderINS_12DummyBuilderEEEED0Ev
FN:35,_ZN7mockcpp11StubBuilderINS_15MoreStubBuilderINS_12DummyBuilderEEEED2Ev
FNDA:1,_ZN7mockcpp11StubBuilderINS_15MoreStubBuilderINS_12DummyBuilderEEEED2Ev
DA:35,1
FNF:2
FNH:1
LF:1
LH:1
end_of_record
SF:/usr/include/gtest/gtest.h
FN:286,_ZN7testing15AssertionResultD2Ev
FNDA:1,_ZN7testing15AssertionResultD2Ev
FN:327,_ZNK7testing15AssertionResultcvbEv
FNDA:1,_ZNK7testing15AssertionResultcvbEv
FN:336,_ZNK7testing15AssertionResult7messageEv
FNDA:0,_ZNK7testing15AssertionResult7messageEv
FN:340,_ZNK7testing15AssertionResult15failure_messageEv
FNDA:0,_ZNK7testing15AssertionResult15failure_messageEv
FN:430,_ZN7testing4Test14SetUpTestSuiteEv
FNDA:0,_ZN7testing4Test14SetUpTestSuiteEv
FN:438,_ZN7testing4Test17TearDownTestSuiteEv
FNDA:0,_ZN7testing4Test17TearDownTestSuiteEv
FN:443,_ZN7testing4Test16TearDownTestCaseEv
FNDA:0,_ZN7testing4Test16TearDownTestCaseEv
FN:444,_ZN7testing4Test13SetUpTestCaseEv
FNDA:0,_ZN7testing4Test13SetUpTestCaseEv
FN:525,_ZN7testing4Test5SetupEv
FNDA:0,_ZN7testing4Test5SetupEv
FN:1065,_ZN7testing11EnvironmentC2Ev
FNDA:1,_ZN7testing11EnvironmentC2Ev
FN:1068,_ZN7testing11EnvironmentD0Ev
FNDA:0,_ZN7testing11EnvironmentD0Ev
FN:1068,_ZN7testing11EnvironmentD2Ev
FNDA:1,_ZN7testing11EnvironmentD2Ev
FN:1071,_ZN7testing11Environment5SetUpEv
FNDA:0,_ZN7testing11Environment5SetUpEv
FN:1074,_ZN7testing11Environment8TearDownEv
FNDA:0,_ZN7testing11Environment8TearDownEv
FN:1079,_ZN7testing11Environment5SetupEv
FNDA:0,_ZN7testing11Environment5SetupEv
FN:1500,_ZN7testing24AddGlobalTestEnvironmentEPNS_11EnvironmentE
FNDA:1,_ZN7testing24AddGlobalTestEnvironmentEPNS_11EnvironmentE
FN:1529,_ZN7testing8internal18CmpHelperEQFailureIiiEENS_15AssertionResultEPKcS4_RKT_RKT0_
FNDA:0,_ZN7testing8internal18CmpHelperEQFailureIiiEENS_15AssertionResultEPKcS4_RKT_RKT0_
FN:1548,_ZN7testing8internal11CmpHelperEQIiiEENS_15AssertionResultEPKcS4_RKT_RKT0_
FNDA:1,_ZN7testing8internal11CmpHelperEQIiiEENS_15AssertionResultEPKcS4_RKT_RKT0_
FN:1568,_ZN7testing8internal8EqHelper7CompareIiiLPv0EEENS_15AssertionResultEPKcS6_RKT_RKT0_
FNDA:1,_ZN7testing8internal8EqHelper7CompareIiiLPv0EEENS_15AssertionResultEPKcS6_RKT_RKT0_
FN:2496,_Z13RUN_ALL_TESTSv
FNDA:1,_Z13RUN_ALL_TESTSv
DA:286,1
DA:327,1
DA:336,0
DA:337,0
DA:340,0
DA:430,0
DA:438,0
DA:443,0
DA:444,0
DA:525,0
DA:1065,1
DA:1068,1
DA:1071,0
DA:1074,0
DA:1079,0
DA:1500,1
DA:1501,1
DA:1529,0
DA:1536,0
DA:1548,1
DA:1552,1
DA:1553,1
DA:1556,0
DA:1568,1
DA:1571,1
DA:2496,1
DA:2497,1
FNF:20
FNH:8
LF:27
LH:13
end_of_record
SF:/usr/include/mockcpp/types/PlaceHolder.h
FN:29,_ZN7mockcpp11PlaceHolderC2Ev
FNDA:34,_ZN7mockcpp11PlaceHolderC2Ev
FN:31,_ZN7mockcpp11PlaceHolderD0Ev
FNDA:0,_ZN7mockcpp11PlaceHolderD0Ev
FN:31,_ZN7mockcpp11PlaceHolderD2Ev
FNDA:34,_ZN7mockcpp11PlaceHolderD2Ev
DA:29,34
DA:31,34
FNF:3
FNH:2
LF:2
LH:2
end_of_record
SF:/usr/include/gtest/gtest-message.h
FN:89,_ZN7testing7MessageD2Ev
FNDA:53,_ZN7testing7MessageD2Ev
DA:89,53
FNF:1
FNH:1
LF:1
LH:1
end_of_record
SF:/usr/include/mockcpp/types/ValueHolder.h
FN:34,_ZN7mockcpp11ValueHolderINS_4VoidEED0Ev
FNDA:24,_ZN7mockcpp11ValueHolderINS_4VoidEED0Ev
FN:34,_ZN7mockcpp11ValueHolderINS_4VoidEED2Ev
FNDA:24,_ZN7mockcpp11ValueHolderINS_4VoidEED2Ev
FN:36,_ZN7mockcpp11ValueHolderINS_4VoidEEC2ERKS1_
FNDA:24,_ZN7mockcpp11ValueHolderINS_4VoidEEC2ERKS1_
FN:41,_ZNK7mockcpp11ValueHolderINS_4VoidEE5cloneEv
FNDA:0,_ZNK7mockcpp11ValueHolderINS_4VoidEE5cloneEv
FN:44,_ZNK7mockcpp11ValueHolderINS_4VoidEE8getValueEv
FNDA:0,_ZNK7mockcpp11ValueHolderINS_4VoidEE8getValueEv
FN:155,_ZN7mockcpp16SignedLongHolderIiED0Ev
FNDA:0,_ZN7mockcpp16SignedLongHolderIiED0Ev
FN:155,_ZN7mockcpp16SignedLongHolderIiED2Ev
FNDA:2,_ZN7mockcpp16SignedLongHolderIiED2Ev
FN:164,_ZN7mockcpp16SignedLongHolderIiE4HeldC2Ei
FNDA:2,_ZN7mockcpp16SignedLongHolderIiE4HeldC2Ei
FN:170,_ZN7mockcpp16SignedLongHolderIiEC2ERKi
FNDA:2,_ZN7mockcpp16SignedLongHolderIiEC2ERKi
FN:197,_ZN7mockcpp11ValueHolderIiED0Ev
FNDA:2,_ZN7mockcpp11ValueHolderIiED0Ev
FN:197,_ZN7mockcpp11ValueHolderIiED2Ev
FNDA:2,_ZN7mockcpp11ValueHolderIiED2Ev
FN:200,_ZN7mockcpp11ValueHolderIiEC2ERKi
FNDA:2,_ZN7mockcpp11ValueHolderIiEC2ERKi
FN:205,_ZNK7mockcpp11ValueHolderIiE8getValueEv
FNDA:2,_ZNK7mockcpp11ValueHolderIiE8getValueEv
FN:210,_ZNK7mockcpp11ValueHolderIiE5cloneEv
FNDA:1,_ZNK7mockcpp11ValueHolderIiE5cloneEv
DA:34,48
DA:36,24
DA:37,24
DA:39,24
DA:41,0
DA:42,0
DA:44,0
DA:46,0
DA:155,2
DA:164,2
DA:170,2
DA:171,2
DA:173,2
DA:197,4
DA:200,2
DA:201,2
DA:203,2
DA:205,2
DA:207,2
DA:210,1
DA:211,1
FNF:14
FNH:11
LF:21
LH:17
end_of_record
SF:/usr/include/c++/7/bits/ios_base.h
FN:129,_ZStorSt13_Ios_OpenmodeS_
FNDA:53,_ZStorSt13_Ios_OpenmodeS_
DA:129,53
DA:130,53
FNF:1
FNH:1
LF:2
LH:2
end_of_record
SF:/usr/include/mockcpp/ApiHookHolder.h
FN:9,_ZN7mockcpp13ApiHookHolderC2Ev
FNDA:1,_ZN7mockcpp13ApiHookHolderC2Ev
FN:13,_ZN7mockcpp13ApiHookHolderD0Ev
FNDA:0,_ZN7mockcpp13ApiHookHolderD0Ev
FN:13,_ZN7mockcpp13ApiHookHolderD2Ev
FNDA:1,_ZN7mockcpp13ApiHookHolderD2Ev
DA:9,1
DA:13,1
FNF:3
FNH:2
LF:2
LH:2
end_of_record
SF:/usr/include/mockcpp/Formatter.h
FN:36,_ZN7mockcpp8toStringINS_4VoidEEENSt7__cxx1112basic_stringIcSt11char_traitsIcESaIcEEERKT_
FNDA:0,_ZN7mockcpp8toStringINS_4VoidEEENSt7__cxx1112basic_stringIcSt11char_traitsIcESaIcEEERKT_
FN:81,_ZN7mockcpp20toTypeAndValueStringINS_4VoidEEENSt7__cxx1112basic_stringIcSt11char_traitsIcESaIcEEERKT_
FNDA:0,_ZN7mockcpp20toTypeAndValueStringINS_4VoidEEENSt7__cxx1112basic_stringIcSt11char_traitsIcESaIcEEERKT_
FN:81,_ZN7mockcpp20toTypeAndValueStringIiEENSt7__cxx1112basic_stringIcSt11char_traitsIcESaIcEEERKT_
FNDA:0,_ZN7mockcpp20toTypeAndValueStringIiEENSt7__cxx1112basic_stringIcSt11char_traitsIcESaIcEEERKT_
DA:36,0
DA:38,0
DA:81,0
DA:83,0
DA:84,0
DA:85,0
DA:86,0
FNF:3
FNH:0
LF:7
LH:0
end_of_record
SF:/usr/include/c++/7/tuple
FN:113,_ZNSt10_Head_baseILm1ESt14default_deleteINSt7__cxx1112basic_stringIcSt11char_traitsIcESaIcEEEELb1EE7_M_headERS8_
FNDA:0,_ZNSt10_Head_baseILm1ESt14default_deleteINSt7__cxx1112basic_stringIcSt11char_traitsIcESaIcEEEELb1EE7_M_headERS8_
FN:113,_ZNSt10_Head_baseILm1ESt14default_deleteINSt7__cxx1118basic_stringstreamIcSt11char_traitsIcESaIcEEEELb1EE7_M_headERS8_
FNDA:53,_ZNSt10_Head_baseILm1ESt14default_deleteINSt7__cxx1118basic_stringstreamIcSt11char_traitsIcESaIcEEEELb1EE7_M_headERS8_
FN:160,_ZNSt10_Head_baseILm0EPNSt7__cxx1112basic_stringIcSt11char_traitsIcESaIcEEELb0EE7_M_headERS7_
FNDA:1,_ZNSt10_Head_baseILm0EPNSt7__cxx1112basic_stringIcSt11char_traitsIcESaIcEEELb0EE7_M_headERS7_
FN:160,_ZNSt10_Head_baseILm0EPNSt7__cxx1118basic_stringstreamIcSt11char_traitsIcESaIcEEELb0EE7_M_headERS7_
FNDA:106,_ZNSt10_Head_baseILm0EPNSt7__cxx1118basic_stringstreamIcSt11char_traitsIcESaIcEEELb0EE7_M_headERS7_
FN:163,_ZNSt10_Head_baseILm0EPNSt7__cxx1112basic_stringIcSt11char_traitsIcESaIcEEELb0EE7_M_headERKS7_
FNDA:0,_ZNSt10_Head_baseILm0EPNSt7__cxx1112basic_stringIcSt11char_traitsIcESaIcEEELb0EE7_M_headERKS7_
FN:195,_ZNSt11_Tuple_implILm0EJPNSt7__cxx1112basic_stringIcSt11char_traitsIcESaIcEEESt14default_deleteIS5_EEE7_M_headERS9_
FNDA:1,_ZNSt11_Tuple_implILm0EJPNSt7__cxx1112basic_stringIcSt11char_traitsIcESaIcEEESt14default_deleteIS5_EEE7_M_headERS9_
FN:195,_ZNSt11_Tuple_implILm0EJPNSt7__cxx1118basic_stringstreamIcSt11char_traitsIcESaIcEEESt14default_deleteIS5_EEE7_M_headERS9_
FNDA:106,_ZNSt11_Tuple_implILm0EJPNSt7__cxx1118basic_stringstreamIcSt11char_traitsIcESaIcEEESt14default_deleteIS5_EEE7_M_headERS9_
FN:198,_ZNSt11_Tuple_implILm0EJPNSt7__cxx1112basic_stringIcSt11char_traitsIcESaIcEEESt14default_deleteIS5_EEE7_M_headERKS9_
FNDA:0,_ZNSt11_Tuple_implILm0EJPNSt7__cxx1112basic_stringIcSt11char_traitsIcESaIcEEESt14default_deleteIS5_EEE7_M_headERKS9_
FN:351,_ZNSt11_Tuple_implILm1EJSt14default_deleteINSt7__cxx1112basic_stringIcSt11char_traitsIcESaIcEEEEEE7_M_headERS8_
FNDA:0,_ZNSt11_Tuple_implILm1EJSt14default_deleteINSt7__cxx1112basic_stringIcSt11char_traitsIcESaIcEEEEEE7_M_headERS8_
FN:351,_ZNSt11_Tuple_implILm1EJSt14default_deleteINSt7__cxx1118basic_stringstreamIcSt11char_traitsIcESaIcEEEEEE7_M_headERS8_
FNDA:53,_ZNSt11_Tuple_implILm1EJSt14default_deleteINSt7__cxx1118basic_stringstreamIcSt11char_traitsIcESaIcEEEEEE7_M_headERS8_
FN:1303,_ZSt12__get_helperILm1ESt14default_deleteINSt7__cxx1112basic_stringIcSt11char_traitsIcESaIcEEEEJEERT0_RSt11_Tuple_implIXT_EJS8_DpT1_EE
FNDA:0,_ZSt12__get_helperILm1ESt14default_deleteINSt7__cxx1112basic_stringIcSt11char_traitsIcESaIcEEEEJEERT0_RSt11_Tuple_implIXT_EJS8_DpT1_EE
FN:1303,_ZSt12__get_helperILm1ESt14default_deleteINSt7__cxx1118basic_stringstreamIcSt11char_traitsIcESaIcEEEEJEERT0_RSt11_Tuple_implIXT_EJS8_DpT1_EE
FNDA:53,_ZSt12__get_helperILm1ESt14default_deleteINSt7__cxx1118basic_stringstreamIcSt11char_traitsIcESaIcEEEEJEERT0_RSt11_Tuple_implIXT_EJS8_DpT1_EE
FN:1303,_ZSt12__get_helperILm0EPNSt7__cxx1112basic_stringIcSt11char_traitsIcESaIcEEEJSt14default_deleteIS5_EEERT0_RSt11_Tuple_implIXT_EJS9_DpT1_EE
FNDA:1,_ZSt12__get_helperILm0EPNSt7__cxx1112basic_stringIcSt11char_traitsIcESaIcEEEJSt14default_deleteIS5_EEERT0_RSt11_Tuple_implIXT_EJS9_DpT1_EE
FN:1303,_ZSt12__get_helperILm0EPNSt7__cxx1118basic_stringstreamIcSt11char_traitsIcESaIcEEEJSt14default_deleteIS5_EEERT0_RSt11_Tuple_implIXT_EJS9_DpT1_EE
FNDA:106,_ZSt12__get_helperILm0EPNSt7__cxx1118basic_stringstreamIcSt11char_traitsIcESaIcEEEJSt14default_deleteIS5_EEERT0_RSt11_Tuple_implIXT_EJS9_DpT1_EE
FN:1308,_ZSt12__get_helperILm0EPNSt7__cxx1112basic_stringIcSt11char_traitsIcESaIcEEEJSt14default_deleteIS5_EEERKT0_RKSt11_Tuple_implIXT_EJS9_DpT1_EE
FNDA:0,_ZSt12__get_helperILm0EPNSt7__cxx1112basic_stringIcSt11char_traitsIcESaIcEEEJSt14default_deleteIS5_EEERKT0_RKSt11_Tuple_implIXT_EJS9_DpT1_EE
FN:1314,_ZSt3getILm1EJPNSt7__cxx1112basic_stringIcSt11char_traitsIcESaIcEEESt14default_deleteIS5_EEERNSt13tuple_elementIXT_ESt5tupleIJDpT0_EEE4typeERSD_
FNDA:0,_ZSt3getILm1EJPNSt7__cxx1112basic_stringIcSt11char_traitsIcESaIcEEESt14default_deleteIS5_EEERNSt13tuple_elementIXT_ESt5tupleIJDpT0_EEE4typeERSD_
FN:1314,_ZSt3getILm1EJPNSt7__cxx1118basic_stringstreamIcSt11char_traitsIcESaIcEEESt14default_deleteIS5_EEERNSt13tuple_elementIXT_ESt5tupleIJDpT0_EEE4typeERSD_
FNDA:53,_ZSt3getILm1EJPNSt7__cxx1118basic_stringstreamIcSt11char_traitsIcESaIcEEESt14default_deleteIS5_EEERNSt13tuple_elementIXT_ESt5tupleIJDpT0_EEE4typeERSD_
FN:1314,_ZSt3getILm0EJPNSt7__cxx1112basic_stringIcSt11char_traitsIcESaIcEEESt14default_deleteIS5_EEERNSt13tuple_elementIXT_ESt5tupleIJDpT0_EEE4typeERSD_
FNDA:1,_ZSt3getILm0EJPNSt7__cxx1112basic_stringIcSt11char_traitsIcESaIcEEESt14default_deleteIS5_EEERNSt13tuple_elementIXT_ESt5tupleIJDpT0_EEE4typeERSD_
FN:1314,_ZSt3getILm0EJPNSt7__cxx1118basic_stringstreamIcSt11char_traitsIcESaIcEEESt14default_deleteIS5_EEERNSt13tuple_elementIXT_ESt5tupleIJDpT0_EEE4typeERSD_
FNDA:106,_ZSt3getILm0EJPNSt7__cxx1118basic_stringstreamIcSt11char_traitsIcESaIcEEESt14default_deleteIS5_EEERNSt13tuple_elementIXT_ESt5tupleIJDpT0_EEE4typeERSD_
FN:1320,_ZSt3getILm0EJPNSt7__cxx1112basic_stringIcSt11char_traitsIcESaIcEEESt14default_deleteIS5_EEERKNSt13tuple_elementIXT_ESt5tupleIJDpT0_EEE4typeERKSD_
FNDA:0,_ZSt3getILm0EJPNSt7__cxx1112basic_stringIcSt11char_traitsIcESaIcEEESt14default_deleteIS5_EEERKNSt13tuple_elementIXT_ESt5tupleIJDpT0_EEE4typeERKSD_
DA:113,53
DA:160,107
DA:163,0
DA:195,107
DA:198,0
DA:351,53
DA:1303,160
DA:1304,160
DA:1308,0
DA:1309,0
DA:1314,160
DA:1315,160
DA:1320,0
DA:1321,0
FNF:20
FNH:12
LF:14
LH:8
end_of_record
SF:/usr/include/mockcpp/ArgumentsMatchBuilder.tcc
FN:27,_ZN7mockcpp21ArgumentsMatchBuilderINS_11StubBuilderINS_15MoreStubBuilderINS_12DummyBuilderEEEEEE4withEPNS_10ConstraintES8_S8_S8_S8_S8_S8_S8_S8_S8_S8_S8_
FNDA:1,_ZN7mockcpp21ArgumentsMatchBuilderINS_11StubBuilderINS_15MoreStubBuilderINS_12DummyBuilderEEEEEE4withEPNS_10ConstraintES8_S8_S8_S8_S8_S8_S8_S8_S8_S8_S8_
DA:27,1
DA:42,2
DA:43,1
DA:45,1
FNF:1
FNH:1
LF:4
LH:4
end_of_record
SF:/usr/include/mockcpp/types/RefHolder.h
FN:27,_ZN7mockcpp9RefHolderIiED0Ev
FNDA:6,_ZN7mockcpp9RefHolderIiED0Ev
FN:27,_ZN7mockcpp9RefHolderIiED2Ev
FNDA:6,_ZN7mockcpp9RefHolderIiED2Ev
FN:29,_ZN7mockcpp9RefHolderIiEC2ERKi
FNDA:6,_ZN7mockcpp9RefHolderIiEC2ERKi
FN:34,_ZNK7mockcpp9RefHolderIiE5cloneEv
FNDA:5,_ZNK7mockcpp9RefHolderIiE5cloneEv
FN:37,_ZNK7mockcpp9RefHolderIiE8getValueEv
FNDA:0,_ZNK7mockcpp9RefHolderIiE8getValueEv
DA:27,12
DA:29,6
DA:30,6
DA:32,6
DA:34,5
DA:35,5
DA:37,0
DA:39,0
FNF:5
FNH:4
LF:8
LH:6
end_of_record
SF:/usr/include/mockcpp/ApiHookMocker.h
FN:12,_ZN7mockcpp7mockAPIIFiiEEENS_27InvocationMockBuilderGetterERKNSt7__cxx1112basic_stringIcSt11char_traitsIcESaIcEEEPT_
FNDA:1,_ZN7mockcpp7mockAPIIFiiEEENS_27InvocationMockBuilderGetterERKNSt7__cxx1112basic_stringIcSt11char_traitsIcESaIcEEEPT_
DA:12,1
DA:17,1
FNF:1
FNH:1
LF:2
LH:2
end_of_record
SF:/usr/include/mockcpp/ApiHookFunctor.h
FN:80,_ZN7mockcpp14ApiHookFunctorIFiiELj1EE8freeHookEv
FNDA:0,_ZN7mockcpp14ApiHookFunctorIFiiELj1EE8freeHookEv
FN:80,_ZN7mockcpp14ApiHookFunctorIFiiELj1EE11freeApiHookEPv
FNDA:0,_ZN7mockcpp14ApiHookFunctorIFiiELj1EE11freeApiHookEPv
FN:80,_ZN7mockcpp14ApiHookFunctorIFiiELj2EE8freeHookEv
FNDA:0,_ZN7mockcpp14ApiHookFunctorIFiiELj2EE8freeHookEv
FN:80,_ZN7mockcpp14ApiHookFunctorIFiiELj2EE11freeApiHookEPv
FNDA:0,_ZN7mockcpp14ApiHookFunctorIFiiELj2EE11freeApiHookEPv
FN:80,_ZN7mockcpp14ApiHookFunctorIFiiELj3EE8freeHookEv
FNDA:0,_ZN7mockcpp14ApiHookFunctorIFiiELj3EE8freeHookEv
FN:80,_ZN7mockcpp14ApiHookFunctorIFiiELj3EE11freeApiHookEPv
FNDA:0,_ZN7mockcpp14ApiHookFunctorIFiiELj3EE11freeApiHookEPv
FN:80,_ZN7mockcpp14ApiHookFunctorIFiiELj4EE8freeHookEv
FNDA:0,_ZN7mockcpp14ApiHookFunctorIFiiELj4EE8freeHookEv
FN:80,_ZN7mockcpp14ApiHookFunctorIFiiELj4EE11freeApiHookEPv
FNDA:0,_ZN7mockcpp14ApiHookFunctorIFiiELj4EE11freeApiHookEPv
FN:80,_ZN7mockcpp14ApiHookFunctorIFiiELj5EE8freeHookEv
FNDA:0,_ZN7mockcpp14ApiHookFunctorIFiiELj5EE8freeHookEv
FN:80,_ZN7mockcpp14ApiHookFunctorIFiiELj5EE11freeApiHookEPv
FNDA:0,_ZN7mockcpp14ApiHookFunctorIFiiELj5EE11freeApiHookEPv
FN:80,_ZN7mockcpp14ApiHookFunctorIFiiELj6EE8freeHookEv
FNDA:0,_ZN7mockcpp14ApiHookFunctorIFiiELj6EE8freeHookEv
FN:80,_ZN7mockcpp14ApiHookFunctorIFiiELj6EE11freeApiHookEPv
FNDA:0,_ZN7mockcpp14ApiHookFunctorIFiiELj6EE11freeApiHookEPv
FN:80,_ZN7mockcpp14ApiHookFunctorIFiiELj7EE8freeHookEv
FNDA:0,_ZN7mockcpp14ApiHookFunctorIFiiELj7EE8freeHookEv
FN:80,_ZN7mockcpp14ApiHookFunctorIFiiELj7EE11freeApiHookEPv
FNDA:0,_ZN7mockcpp14ApiHookFunctorIFiiELj7EE11freeApiHookEPv
FN:80,_ZN7mockcpp14ApiHookFunctorIFiiELj8EE8freeHookEv
FNDA:0,_ZN7mockcpp14ApiHookFunctorIFiiELj8EE8freeHookEv
FN:80,_ZN7mockcpp14ApiHookFunctorIFiiELj8EE11freeApiHookEPv
FNDA:0,_ZN7mockcpp14ApiHookFunctorIFiiELj8EE11freeApiHookEPv
FN:80,_ZN7mockcpp14ApiHookFunctorIFiiELj9EE8freeHookEv
FNDA:0,_ZN7mockcpp14ApiHookFunctorIFiiELj9EE8freeHookEv
FN:80,_ZN7mockcpp14ApiHookFunctorIFiiELj9EE11freeApiHookEPv
FNDA:0,_ZN7mockcpp14ApiHookFunctorIFiiELj9EE11freeApiHookEPv
FN:80,_ZN7mockcpp14ApiHookFunctorIFiiELj10EE8freeHookEv
FNDA:1,_ZN7mockcpp14ApiHookFunctorIFiiELj10EE8freeHookEv
FN:80,_ZN7mockcpp14ApiHookFunctorIFiiELj10EE11freeApiHookEPv
FNDA:1,_ZN7mockcpp14ApiHookFunctorIFiiELj10EE11freeApiHookEPv
FN:80,_ZN7mockcpp14ApiHookFunctorIFiiELj1EE4hookEi
FNDA:0,_ZN7mockcpp14ApiHookFunctorIFiiELj1EE4hookEi
FN:80,_ZN7mockcpp14ApiHookFunctorIFiiELj1EE7getHookEv
FNDA:0,_ZN7mockcpp14ApiHookFunctorIFiiELj1EE7getHookEv
FN:80,_ZN7mockcpp14ApiHookFunctorIFiiELj1EE9appliedByEPS1_
FNDA:1,_ZN7mockcpp14ApiHookFunctorIFiiELj1EE9appliedByEPS1_
FN:80,_ZN7mockcpp14ApiHookFunctorIFiiELj2EE4hookEi
FNDA:0,_ZN7mockcpp14ApiHookFunctorIFiiELj2EE4hookEi
FN:80,_ZN7mockcpp14ApiHookFunctorIFiiELj1EE12applyApiHookEPS1_
FNDA:0,_ZN7mockcpp14ApiHookFunctorIFiiELj1EE12applyApiHookEPS1_
FN:80,_ZN7mockcpp14ApiHookFunctorIFiiELj1EE10getApiHookEPS1_
FNDA:1,_ZN7mockcpp14ApiHookFunctorIFiiELj1EE10getApiHookEPS1_
FN:80,_ZN7mockcpp14ApiHookFunctorIFiiELj2EE7getHookEv
FNDA:0,_ZN7mockcpp14ApiHookFunctorIFiiELj2EE7getHookEv
FN:80,_ZN7mockcpp14ApiHookFunctorIFiiELj2EE9appliedByEPS1_
FNDA:1,_ZN7mockcpp14ApiHookFunctorIFiiELj2EE9appliedByEPS1_
FN:80,_ZN7mockcpp14ApiHookFunctorIFiiELj3EE4hookEi
FNDA:0,_ZN7mockcpp14ApiHookFunctorIFiiELj3EE4hookEi
FN:80,_ZN7mockcpp14ApiHookFunctorIFiiELj2EE12applyApiHookEPS1_
FNDA:0,_ZN7mockcpp14ApiHookFunctorIFiiELj2EE12applyApiHookEPS1_
FN:80,_ZN7mockcpp14ApiHookFunctorIFiiELj2EE10getApiHookEPS1_
FNDA:1,_ZN7mockcpp14ApiHookFunctorIFiiELj2EE10getApiHookEPS1_
FN:80,_ZN7mockcpp14ApiHookFunctorIFiiELj3EE7getHookEv
FNDA:0,_ZN7mockcpp14ApiHookFunctorIFiiELj3EE7getHookEv
FN:80,_ZN7mockcpp14ApiHookFunctorIFiiELj3EE9appliedByEPS1_
FNDA:1,_ZN7mockcpp14ApiHookFunctorIFiiELj3EE9appliedByEPS1_
FN:80,_ZN7mockcpp14ApiHookFunctorIFiiELj4EE4hookEi
FNDA:0,_ZN7mockcpp14ApiHookFunctorIFiiELj4EE4hookEi
FN:80,_ZN7mockcpp14ApiHookFunctorIFiiELj3EE12applyApiHookEPS1_
FNDA:0,_ZN7mockcpp14ApiHookFunctorIFiiELj3EE12applyApiHookEPS1_
FN:80,_ZN7mockcpp14ApiHookFunctorIFiiELj3EE10getApiHookEPS1_
FNDA:1,_ZN7mockcpp14ApiHookFunctorIFiiELj3EE10getApiHookEPS1_
FN:80,_ZN7mockcpp14ApiHookFunctorIFiiELj4EE7getHookEv
FNDA:0,_ZN7mockcpp14ApiHookFunctorIFiiELj4EE7getHookEv
FN:80,_ZN7mockcpp14ApiHookFunctorIFiiELj4EE9appliedByEPS1_
FNDA:1,_ZN7mockcpp14ApiHookFunctorIFiiELj4EE9appliedByEPS1_
FN:80,_ZN7mockcpp14ApiHookFunctorIFiiELj5EE4hookEi
FNDA:0,_ZN7mockcpp14ApiHookFunctorIFiiELj5EE4hookEi
FN:80,_ZN7mockcpp14ApiHookFunctorIFiiELj4EE12applyApiHookEPS1_
FNDA:0,_ZN7mockcpp14ApiHookFunctorIFiiELj4EE12applyApiHookEPS1_
FN:80,_ZN7mockcpp14ApiHookFunctorIFiiELj4EE10getApiHookEPS1_
FNDA:1,_ZN7mockcpp14ApiHookFunctorIFiiELj4EE10getApiHookEPS1_
FN:80,_ZN7mockcpp14ApiHookFunctorIFiiELj5EE7getHookEv
FNDA:0,_ZN7mockcpp14ApiHookFunctorIFiiELj5EE7getHookEv
FN:80,_ZN7mockcpp14ApiHookFunctorIFiiELj5EE9appliedByEPS1_
FNDA:1,_ZN7mockcpp14ApiHookFunctorIFiiELj5EE9appliedByEPS1_
FN:80,_ZN7mockcpp14ApiHookFunctorIFiiELj6EE4hookEi
FNDA:0,_ZN7mockcpp14ApiHookFunctorIFiiELj6EE4hookEi
FN:80,_ZN7mockcpp14ApiHookFunctorIFiiELj5EE12applyApiHookEPS1_
FNDA:0,_ZN7mockcpp14ApiHookFunctorIFiiELj5EE12applyApiHookEPS1_
FN:80,_ZN7mockcpp14ApiHookFunctorIFiiELj5EE10getApiHookEPS1_
FNDA:1,_ZN7mockcpp14ApiHookFunctorIFiiELj5EE10getApiHookEPS1_
FN:80,_ZN7mockcpp14ApiHookFunctorIFiiELj6EE7getHookEv
FNDA:0,_ZN7mockcpp14ApiHookFunctorIFiiELj6EE7getHookEv
FN:80,_ZN7mockcpp14ApiHookFunctorIFiiELj6EE9appliedByEPS1_
FNDA:1,_ZN7mockcpp14ApiHookFunctorIFiiELj6EE9appliedByEPS1_
FN:80,_ZN7mockcpp14ApiHookFunctorIFiiELj7EE4hookEi
FNDA:0,_ZN7mockcpp14ApiHookFunctorIFiiELj7EE4hookEi
FN:80,_ZN7mockcpp14ApiHookFunctorIFiiELj6EE12applyApiHookEPS1_
FNDA:0,_ZN7mockcpp14ApiHookFunctorIFiiELj6EE12applyApiHookEPS1_
FN:80,_ZN7mockcpp14ApiHookFunctorIFiiELj6EE10getApiHookEPS1_
FNDA:1,_ZN7mockcpp14ApiHookFunctorIFiiELj6EE10getApiHookEPS1_
FN:80,_ZN7mockcpp14ApiHookFunctorIFiiELj7EE7getHookEv
FNDA:0,_ZN7mockcpp14ApiHookFunctorIFiiELj7EE7getHookEv
FN:80,_ZN7mockcpp14ApiHookFunctorIFiiELj7EE9appliedByEPS1_
FNDA:1,_ZN7mockcpp14ApiHookFunctorIFiiELj7EE9appliedByEPS1_
FN:80,_ZN7mockcpp14ApiHookFunctorIFiiELj8EE4hookEi
FNDA:0,_ZN7mockcpp14ApiHookFunctorIFiiELj8EE4hookEi
FN:80,_ZN7mockcpp14ApiHookFunctorIFiiELj7EE12applyApiHookEPS1_
FNDA:0,_ZN7mockcpp14ApiHookFunctorIFiiELj7EE12applyApiHookEPS1_
FN:80,_ZN7mockcpp14ApiHookFunctorIFiiELj7EE10getApiHookEPS1_
FNDA:1,_ZN7mockcpp14ApiHookFunctorIFiiELj7EE10getApiHookEPS1_
FN:80,_ZN7mockcpp14ApiHookFunctorIFiiELj8EE7getHookEv
FNDA:0,_ZN7mockcpp14ApiHookFunctorIFiiELj8EE7getHookEv
FN:80,_ZN7mockcpp14ApiHookFunctorIFiiELj8EE9appliedByEPS1_
FNDA:1,_ZN7mockcpp14ApiHookFunctorIFiiELj8EE9appliedByEPS1_
FN:80,_ZN7mockcpp14ApiHookFunctorIFiiELj9EE4hookEi
FNDA:0,_ZN7mockcpp14ApiHookFunctorIFiiELj9EE4hookEi
FN:80,_ZN7mockcpp14ApiHookFunctorIFiiELj8EE12applyApiHookEPS1_
FNDA:0,_ZN7mockcpp14ApiHookFunctorIFiiELj8EE12applyApiHookEPS1_
FN:80,_ZN7mockcpp14ApiHookFunctorIFiiELj8EE10getApiHookEPS1_
FNDA:1,_ZN7mockcpp14ApiHookFunctorIFiiELj8EE10getApiHookEPS1_
FN:80,_ZN7mockcpp14ApiHookFunctorIFiiELj9EE7getHookEv
FNDA:0,_ZN7mockcpp14ApiHookFunctorIFiiELj9EE7getHookEv
FN:80,_ZN7mockcpp14ApiHookFunctorIFiiELj9EE9appliedByEPS1_
FNDA:1,_ZN7mockcpp14ApiHookFunctorIFiiELj9EE9appliedByEPS1_
FN:80,_ZN7mockcpp14ApiHookFunctorIFiiELj10EE4hookEi
FNDA:1,_ZN7mockcpp14ApiHookFunctorIFiiELj10EE4hookEi
FN:80,_ZN7mockcpp14ApiHookFunctorIFiiELj9EE12applyApiHookEPS1_
FNDA:0,_ZN7mockcpp14ApiHookFunctorIFiiELj9EE12applyApiHookEPS1_
FN:80,_ZN7mockcpp14ApiHookFunctorIFiiELj9EE10getApiHookEPS1_
FNDA:1,_ZN7mockcpp14ApiHookFunctorIFiiELj9EE10getApiHookEPS1_
FN:80,_ZN7mockcpp14ApiHookFunctorIFiiELj10EE7getHookEv
FNDA:2,_ZN7mockcpp14ApiHookFunctorIFiiELj10EE7getHookEv
FN:80,_ZN7mockcpp14ApiHookFunctorIFiiELj10EE9appliedByEPS1_
FNDA:1,_ZN7mockcpp14ApiHookFunctorIFiiELj10EE9appliedByEPS1_
FN:80,_ZN7mockcpp14ApiHookFunctorIFiiELj10EE12applyApiHookEPS1_
FNDA:1,_ZN7mockcpp14ApiHookFunctorIFiiELj10EE12applyApiHookEPS1_
FN:80,_ZN7mockcpp14ApiHookFunctorIFiiELj10EE10getApiHookEPS1_
FNDA:1,_ZN7mockcpp14ApiHookFunctorIFiiELj10EE10getApiHookEPS1_
DA:16,1
DA:80,26
FNF:70
FNH:25
LF:2
LH:2
end_of_record
SF:/usr/include/mockcpp/StubBuilder.tcc
FN:25,_ZN7mockcpp11StubBuilderINS_15MoreStubBuilderINS_12DummyBuilderEEEE4willEPNS_4StubE
FNDA:1,_ZN7mockcpp11StubBuilderINS_15MoreStubBuilderINS_12DummyBuilderEEEE4willEPNS_4StubE
DA:25,1
DA:27,1
DA:28,1
FNF:1
FNH:1
LF:3
LH:3
end_of_record
SF:/usr/include/mockcpp/types/Any.h
FN:29,_ZN7mockcpp3AnyD2Ev
FNDA:52,_ZN7mockcpp3AnyD2Ev
FN:34,_ZN7mockcpp3AnyC2IiEERKT_
FNDA:1,_ZN7mockcpp3AnyC2IiEERKT_
FN:34,_ZN7mockcpp3AnyC2INS_4VoidEEERKT_
FNDA:24,_ZN7mockcpp3AnyC2INS_4VoidEEERKT_
DA:29,52
DA:34,25
DA:35,25
DA:36,25
DA:58,1
DA:60,1
FNF:3
FNH:3
LF:6
LH:6
end_of_record
SF:/usr/include/mockcpp/ApiHookGenerator.h
FN:13,_ZN7mockcpp16ApiHookGeneratorIFiiELj1EE11findApiHookEPS1_
FNDA:1,_ZN7mockcpp16ApiHookGeneratorIFiiELj1EE11findApiHookEPS1_
FN:13,_ZN7mockcpp16ApiHookGeneratorIFiiELj2EE11findApiHookEPS1_
FNDA:1,_ZN7mockcpp16ApiHookGeneratorIFiiELj2EE11findApiHookEPS1_
FN:13,_ZN7mockcpp16ApiHookGeneratorIFiiELj3EE11findApiHookEPS1_
FNDA:1,_ZN7mockcpp16ApiHookGeneratorIFiiELj3EE11findApiHookEPS1_
FN:13,_ZN7mockcpp16ApiHookGeneratorIFiiELj4EE11findApiHookEPS1_
FNDA:1,_ZN7mockcpp16ApiHookGeneratorIFiiELj4EE11findApiHookEPS1_
FN:13,_ZN7mockcpp16ApiHookGeneratorIFiiELj5EE11findApiHookEPS1_
FNDA:1,_ZN7mockcpp16ApiHookGeneratorIFiiELj5EE11findApiHookEPS1_
FN:13,_ZN7mockcpp16ApiHookGeneratorIFiiELj6EE11findApiHookEPS1_
FNDA:1,_ZN7mockcpp16ApiHookGeneratorIFiiELj6EE11findApiHookEPS1_
FN:13,_ZN7mockcpp16ApiHookGeneratorIFiiELj7EE11findApiHookEPS1_
FNDA:1,_ZN7mockcpp16ApiHookGeneratorIFiiELj7EE11findApiHookEPS1_
FN:13,_ZN7mockcpp16ApiHookGeneratorIFiiELj8EE11findApiHookEPS1_
FNDA:1,_ZN7mockcpp16ApiHookGeneratorIFiiELj8EE11findApiHookEPS1_
FN:13,_ZN7mockcpp16ApiHookGeneratorIFiiELj9EE11findApiHookEPS1_
FNDA:1,_ZN7mockcpp16ApiHookGeneratorIFiiELj9EE11findApiHookEPS1_
FN:13,_ZN7mockcpp16ApiHookGeneratorIFiiELj10EE11findApiHookEPS1_
FNDA:1,_ZN7mockcpp16ApiHookGeneratorIFiiELj10EE11findApiHookEPS1_
FN:23,_ZN7mockcpp16ApiHookGeneratorIFiiELj1EE11appyApiHookEPS1_
FNDA:0,_ZN7mockcpp16ApiHookGeneratorIFiiELj1EE11appyApiHookEPS1_
FN:23,_ZN7mockcpp16ApiHookGeneratorIFiiELj2EE11appyApiHookEPS1_
FNDA:0,_ZN7mockcpp16ApiHookGeneratorIFiiELj2EE11appyApiHookEPS1_
FN:23,_ZN7mockcpp16ApiHookGeneratorIFiiELj3EE11appyApiHookEPS1_
FNDA:0,_ZN7mockcpp16ApiHookGeneratorIFiiELj3EE11appyApiHookEPS1_
FN:23,_ZN7mockcpp16ApiHookGeneratorIFiiELj4EE11appyApiHookEPS1_
FNDA:0,_ZN7mockcpp16ApiHookGeneratorIFiiELj4EE11appyApiHookEPS1_
FN:23,_ZN7mockcpp16ApiHookGeneratorIFiiELj5EE11appyApiHookEPS1_
FNDA:0,_ZN7mockcpp16ApiHookGeneratorIFiiELj5EE11appyApiHookEPS1_
FN:23,_ZN7mockcpp16ApiHookGeneratorIFiiELj6EE11appyApiHookEPS1_
FNDA:0,_ZN7mockcpp16ApiHookGeneratorIFiiELj6EE11appyApiHookEPS1_
FN:23,_ZN7mockcpp16ApiHookGeneratorIFiiELj7EE11appyApiHookEPS1_
FNDA:0,_ZN7mockcpp16ApiHookGeneratorIFiiELj7EE11appyApiHookEPS1_
FN:23,_ZN7mockcpp16ApiHookGeneratorIFiiELj8EE11appyApiHookEPS1_
FNDA:0,_ZN7mockcpp16ApiHookGeneratorIFiiELj8EE11appyApiHookEPS1_
FN:23,_ZN7mockcpp16ApiHookGeneratorIFiiELj9EE11appyApiHookEPS1_
FNDA:0,_ZN7mockcpp16ApiHookGeneratorIFiiELj9EE11appyApiHookEPS1_
FN:23,_ZN7mockcpp16ApiHookGeneratorIFiiELj10EE11appyApiHookEPS1_
FNDA:1,_ZN7mockcpp16ApiHookGeneratorIFiiELj10EE11appyApiHookEPS1_
FN:33,_ZN7mockcpp16ApiHookGeneratorIFiiELj1EE11freeApiHookEPv
FNDA:0,_ZN7mockcpp16ApiHookGeneratorIFiiELj1EE11freeApiHookEPv
FN:33,_ZN7mockcpp16ApiHookGeneratorIFiiELj2EE11freeApiHookEPv
FNDA:0,_ZN7mockcpp16ApiHookGeneratorIFiiELj2EE11freeApiHookEPv
FN:33,_ZN7mockcpp16ApiHookGeneratorIFiiELj3EE11freeApiHookEPv
FNDA:0,_ZN7mockcpp16ApiHookGeneratorIFiiELj3EE11freeApiHookEPv
FN:33,_ZN7mockcpp16ApiHookGeneratorIFiiELj4EE11freeApiHookEPv
FNDA:0,_ZN7mockcpp16ApiHookGeneratorIFiiELj4EE11freeApiHookEPv
FN:33,_ZN7mockcpp16ApiHookGeneratorIFiiELj5EE11freeApiHookEPv
FNDA:0,_ZN7mockcpp16ApiHookGeneratorIFiiELj5EE11freeApiHookEPv
FN:33,_ZN7mockcpp16ApiHookGeneratorIFiiELj6EE11freeApiHookEPv
FNDA:0,_ZN7mockcpp16ApiHookGeneratorIFiiELj6EE11freeApiHookEPv
FN:33,_ZN7mockcpp16ApiHookGeneratorIFiiELj7EE11freeApiHookEPv
FNDA:0,_ZN7mockcpp16ApiHookGeneratorIFiiELj7EE11freeApiHookEPv
FN:33,_ZN7mockcpp16ApiHookGeneratorIFiiELj8EE11freeApiHookEPv
FNDA:0,_ZN7mockcpp16ApiHookGeneratorIFiiELj8EE11freeApiHookEPv
FN:33,_ZN7mockcpp16ApiHookGeneratorIFiiELj9EE11freeApiHookEPv
FNDA:0,_ZN7mockcpp16ApiHookGeneratorIFiiELj9EE11freeApiHookEPv
FN:33,_ZN7mockcpp16ApiHookGeneratorIFiiELj10EE11freeApiHookEPv
FNDA:1,_ZN7mockcpp16ApiHookGeneratorIFiiELj10EE11freeApiHookEPv
FN:48,_ZN7mockcpp16ApiHookGeneratorIFiiELj0EE11findApiHookEPS1_
FNDA:1,_ZN7mockcpp16ApiHookGeneratorIFiiELj0EE11findApiHookEPS1_
FN:51,_ZN7mockcpp16ApiHookGeneratorIFiiELj0EE11appyApiHookEPS1_
FNDA:0,_ZN7mockcpp16ApiHookGeneratorIFiiELj0EE11appyApiHookEPS1_
FN:66,_ZN7mockcpp16ApiHookGeneratorIFiiELj0EE11freeApiHookEPv
FNDA:0,_ZN7mockcpp16ApiHookGeneratorIFiiELj0EE11freeApiHookEPv
DA:13,10
DA:17,10
DA:20,10
DA:23,1
DA:27,1
DA:30,1
DA:33,1
DA:36,1
DA:37,1
DA:48,1
DA:49,1
DA:51,0
DA:53,0
DA:55,0
DA:59,0
DA:61,0
DA:63,0
DA:66,0
DA:67,0
FNF:33
FNH:13
LF:19
LH:11
end_of_record
SF:/usr/include/mockcpp/types/RefAny.h
FN:27,_ZN7mockcpp6RefAnyD2Ev
FNDA:64,_ZN7mockcpp6RefAnyD2Ev
FN:32,_ZN7mockcpp6RefAnyC2IiEERKT_
FNDA:1,_ZN7mockcpp6RefAnyC2IiEERKT_
DA:27,64
DA:32,1
DA:33,1
DA:34,1
DA:71,1
FNF:2
FNH:2
LF:5
LH:5
end_of_record
SF:/usr/include/mockcpp/TypeString.h
FN:35,_ZN7mockcpp10TypeStringINS_4VoidEE5valueB5cxx11Ev
FNDA:0,_ZN7mockcpp10TypeStringINS_4VoidEE5valueB5cxx11Ev
FN:35,_ZN7mockcpp10TypeStringIiE5valueB5cxx11Ev
FNDA:1,_ZN7mockcpp10TypeStringIiE5valueB5cxx11Ev
DA:35,1
DA:37,1
FNF:2
FNH:1
LF:2
LH:2
end_of_record
SF:/usr/include/mockcpp/types/AnyCast.h
FN:122,_ZN7mockcpp8any_castIiEEPKT_PKNS_7AnyBaseE
FNDA:2,_ZN7mockcpp8any_castIiEEPKT_PKNS_7AnyBaseE
FN:129,_ZN7mockcpp8any_castIiEET_RKNS_7AnyBaseE
FNDA:1,_ZN7mockcpp8any_castIiEET_RKNS_7AnyBaseE
FN:153,_ZN7mockcpp12any_castableIiEEbRKNS_7AnyBaseE
FNDA:1,_ZN7mockcpp12any_castableIiEEbRKNS_7AnyBaseE
DA:122,2
DA:124,2
DA:129,1
DA:133,1
DA:134,1
DA:136,1
DA:153,1
DA:157,1
FNF:3
FNH:3
LF:8
LH:8
end_of_record
SF:/usr/include/c++/7/iostream
DA:74,1
LF:1
LH:1
end_of_record
TN:test
SF:/home/cwf/test/src/fun.c
FN:4,_Z3funi
FNDA:1,_Z3funi
FN:11,_Z10fun_insidei
FNDA:0,_Z10fun_insidei
DA:4,1
DA:6,1
DA:7,1
DA:8,1
DA:11,0
DA:13,0
DA:14,0
FNF:2
FNH:1
LF:7
LH:4
end_of_record
